 
****************************************
Report : area
Design : top
Version: V-2023.12-SP5
Date   : Wed Apr 23 15:05:20 2025
****************************************

Library(s) Used:

    saed32rvt_tt1p05v25c (File: /afs/umich.edu/class/eecs598-002/SAED32/SAED32_EDK/lib/stdcell_rvt/db_ccs/saed32rvt_tt1p05v25c.db)

Number of ports:                         3553
Number of nets:                          6900
Number of cells:                         5865
Number of combinational cells:           4239
Number of sequential cells:                86
Number of macros/black boxes:               0
Number of buf/inv:                       1943
Number of references:                      53

Combinational area:               8465.028335
Buf/Inv area:                     2476.633290
Noncombinational area:             572.332306
Macro/Black Box area:                0.000000
Net Interconnect area:            2797.394333

Total cell area:                  9037.360641
Total area:                      11834.754974
1
