Information: Propagating switching activity (low effort zero delay simulation). (PWR-6)
Warning: Design has unannotated primary inputs. (PWR-414)
Warning: Design has unannotated sequential cell outputs. (PWR-415)
 
****************************************
Report : power
        -analysis_effort low
Design : top
Version: V-2023.12-SP5
Date   : Wed Apr 23 15:05:20 2025
****************************************


Library(s) Used:

    saed32rvt_tt1p05v25c (File: /afs/umich.edu/class/eecs598-002/SAED32/SAED32_EDK/lib/stdcell_rvt/db_ccs/saed32rvt_tt1p05v25c.db)


Operating Conditions: tt1p05v25c   Library: saed32rvt_tt1p05v25c
Wire Load Model Mode: enclosed

Design        Wire Load Model            Library
------------------------------------------------
top                    16000             saed32rvt_tt1p05v25c


Global Operating Voltage = 1.05 
Power-specific unit information :
    Voltage Units = 1V
    Capacitance Units = 1.000000ff
    Time Units = 1ns
    Dynamic Power Units = 1uW    (derived from V,C,T units)
    Leakage Power Units = 1pW


Attributes
----------
i - Including register clock pin internal power


  Cell Internal Power  = 157.4080 uW   (47%)
  Net Switching Power  = 179.9052 uW   (53%)
                         ---------
Total Dynamic Power    = 337.3132 uW  (100%)

Cell Leakage Power     = 286.5924 uW


                 Internal         Switching           Leakage            Total
Power Group      Power            Power               Power              Power   (   %    )  Attrs
--------------------------------------------------------------------------------------------------
io_pad             0.0000            0.0000            0.0000            0.0000  (   0.00%)
memory             0.0000            0.0000            0.0000            0.0000  (   0.00%)
black_box          0.0000            0.0000            0.0000            0.0000  (   0.00%)
clock_network     73.6039            0.0000            0.0000           73.6039  (  11.80%)  i
register           9.6266           14.1385        1.2218e+07           35.9829  (   5.77%)
sequential         0.0000            0.0000            0.0000            0.0000  (   0.00%)
combinational     74.1776          165.7666        2.7437e+08          514.3188  (  82.44%)
--------------------------------------------------------------------------------------------------
Total            157.4081 uW       179.9051 uW     2.8659e+08 pW       623.9056 uW
1
